1498721769333 start com.google.android.keep com.google.android.keep.activities.BrowseActivity
1498721769341 throttle 4000
1498721773630 1 LONG_CLICK 500 60,312,1038,393
1498721773630 touch ACTION_DOWN 0 549.0,352.5
1498721773643 throttle 1000
1498721774644 touch ACTION_UP 0 549.0,352.5
1498721774647 throttle 590
1498721775248 throttle 100
1498721775504 2 CLICK 500 936,1575,1080,1719
1498721775505 touch ACTION_DOWN 0 1008.0,1647.0
1498721775506 throttle 50
1498721775557 touch ACTION_UP 0 1008.0,1647.0
1498721775562 throttle 600
1498721776282 3 CLICK 500 60,312,1038,393
1498721776282 touch ACTION_DOWN 0 549.0,352.5
1498721776286 throttle 50
1498721776337 touch ACTION_UP 0 549.0,352.5
1498721776340 throttle 600
1498721776961 throttle 100
1498721777154 4 CLICK 500 0,72,168,240
1498721777154 touch ACTION_DOWN 0 84.0,156.0
1498721777162 throttle 50
1498721777213 touch ACTION_UP 0 84.0,156.0
1498721777214 throttle 599
1498721777984 5 CLICK 500 504,1632,648,1776
1498721777984 touch ACTION_DOWN 0 576.0,1704.0
1498721777986 throttle 50
1498721778037 touch ACTION_UP 0 576.0,1704.0
1498721778039 throttle 599
1498721778660 throttle 100
1498721778876 6 CLICK 500 0,1575,144,1719
1498721778876 touch ACTION_DOWN 0 72.0,1647.0
1498721778878 throttle 50
1498721778929 touch ACTION_UP 0 72.0,1647.0
1498721778931 throttle 600
1498721779617 7 CLICK 500 60,312,912,393
1498721779617 touch ACTION_DOWN 0 486.0,352.5
