1498601128580 start #Intent;action=android.intent.action.MAIN;category=android.intent.category.LAUNCHER;launchFlags=0x10200000;component=com.google.android.keep/.activities.BrowseActivity;end
1498601128624 throttle 4000
1498601133574 throttle 1000
1498601134755 1 CLICK 0 359,1500,720,1632
1498601134756 touch ACTION_DOWN 0 539.5,1566.0
1498601134765 throttle 50
1498601134816 touch ACTION_UP 0 539.5,1566.0
1498601134817 throttle 93
1498601134926 throttle 1000
1498601135942 throttle 1000
1498601136958 throttle 1000
1498601137975 throttle 1000
1498601138991 throttle 1000
1498601140010 throttle 1000
1498601141027 throttle 1000
1498601142045 throttle 1000
1498601143062 throttle 1000
1498601144081 throttle 1000
1498601145253 2 CLICK 0 0,72,168,240
1498601145253 touch ACTION_DOWN 0 84.0,156.0
1498601145256 throttle 50
1498601145307 touch ACTION_UP 0 84.0,156.0
1498601145308 throttle 100
1498601145502 3 LONG_CLICK 0 936,1632,1080,1776
1498601145503 touch ACTION_DOWN 0 1008.0,1704.0
1498601145504 throttle 1000
1498601146505 touch ACTION_UP 0 1008.0,1704.0
1498601146508 throttle 100
1498601146745 4 CLICK 0 0,0,279,1776
1498601146745 touch ACTION_DOWN 0 139.5,888.0
1498601146747 throttle 50
1498601146798 touch ACTION_UP 0 139.5,888.0
1498601146801 throttle 100
1498601147017 5 CLICK 0 0,825,1,1065
1498601147018 touch ACTION_DOWN 0 0.5,945.0
1498601147020 throttle 50
1498601147071 touch ACTION_UP 0 0.5,945.0
1498601147072 throttle 100
1498601147237 6 LONG_CLICK 0 936,1632,1080,1776
1498601147237 touch ACTION_DOWN 0 1008.0,1704.0
1498601147238 throttle 1000
1498601148240 touch ACTION_UP 0 1008.0,1704.0
1498601148242 throttle 100
1498601148444 7 CLICK 0 792,1632,936,1776
1498601148444 touch ACTION_DOWN 0 864.0,1704.0
1498601148445 throttle 50
1498601148497 touch ACTION_UP 0 864.0,1704.0
1498601148499 throttle 100
1498601153610 8 CLICK 0 549,924,777,1068
1498601153610 touch ACTION_DOWN 0 663.0,996.0
